2013/06/30 00:56:20 [error] [system.db.CDbCommand] CDbCommand::fetchAll() failed: SQLSTATE[42S02]: Base table or view not found: 1146 Table 'si_sangkuriang.tbls_siswa' doesn't exist. The SQL statement executed was: SHOW COLUMNS FROM `tbls_siswa`.
in C:\xampp\htdocs\SISangkuriang\index.php (13)
2013/06/30 00:57:17 [error] [system.db.CDbCommand] CDbCommand::fetchAll() failed: SQLSTATE[42S02]: Base table or view not found: 1146 Table 'si_sangkuriang.tbl_tahun_akaran' doesn't exist. The SQL statement executed was: SHOW COLUMNS FROM `tbl_tahun_akaran`.
in C:\xampp\htdocs\SISangkuriang\index.php (13)
2013/06/30 01:16:00 [error] [exception.CHttpException.404] exception 'CHttpException' with message 'Unable to resolve the request "tahun_ajaran".' in C:\xampp\htdocs\Yii\framework\web\CWebApplication.php:287
Stack trace:
#0 C:\xampp\htdocs\Yii\framework\web\CWebApplication.php(142): CWebApplication->runController('tahun_ajaran')
#1 C:\xampp\htdocs\Yii\framework\base\CApplication.php(162): CWebApplication->processRequest()
#2 C:\xampp\htdocs\SISangkuriang\index.php(13): CApplication->run()
#3 {main}
REQUEST_URI=/SISangkuriang/index.php/tahun_ajaran
---
2013/06/30 05:47:51 [error] [php] Missing argument 2 for CActiveForm::dropDownList(), called in C:\xampp\htdocs\SISangkuriang\protected\views\siswa\_form.php on line 70 and defined (C:\xampp\htdocs\Yii\framework\web\widgets\CActiveForm.php:762)
Stack trace:
#0 C:\xampp\htdocs\Yii\framework\web\CBaseController.php(96): SiswaController->renderInternal()
#1 C:\xampp\htdocs\Yii\framework\web\CController.php(870): SiswaController->renderFile()
#2 C:\xampp\htdocs\SISangkuriang\protected\views\siswa\create.php(18): SiswaController->renderPartial()
#3 C:\xampp\htdocs\Yii\framework\web\CBaseController.php(127): require()
#4 C:\xampp\htdocs\Yii\framework\web\CBaseController.php(96): SiswaController->renderInternal()
#5 C:\xampp\htdocs\Yii\framework\web\CController.php(870): SiswaController->renderFile()
#6 C:\xampp\htdocs\Yii\framework\web\CController.php(783): SiswaController->renderPartial()
#7 C:\xampp\htdocs\SISangkuriang\protected\controllers\SiswaController.php(79): SiswaController->render()
#8 C:\xampp\htdocs\Yii\framework\web\actions\CInlineAction.php(50): SiswaController->actionCreate()
#9 C:\xampp\htdocs\Yii\framework\web\CController.php(309): CInlineAction->runWithParams()
#10 C:\xampp\htdocs\Yii\framework\web\filters\CFilterChain.php(134): SiswaController->runAction()
#11 C:\xampp\htdocs\Yii\framework\web\filters\CFilter.php(41): CFilterChain->run()
#12 C:\xampp\htdocs\Yii\framework\web\CController.php(1146): CAccessControlFilter->filter()
#13 C:\xampp\htdocs\Yii\framework\web\filters\CInlineFilter.php(59): SiswaController->filterAccessControl()
#14 C:\xampp\htdocs\Yii\framework\web\filters\CFilterChain.php(131): CInlineFilter->filter()
#15 C:\xampp\htdocs\Yii\framework\web\CController.php(292): CFilterChain->run()
#16 C:\xampp\htdocs\Yii\framework\web\CController.php(266): SiswaController->runActionWithFilters()
#17 C:\xampp\htdocs\Yii\framework\web\CWebApplication.php(283): SiswaController->run()
#18 C:\xampp\htdocs\Yii\framework\web\CWebApplication.php(142): CWebApplication->runController()
#19 C:\xampp\htdocs\Yii\framework\base\CApplication.php(162): CWebApplication->processRequest()
#20 C:\xampp\htdocs\SISangkuriang\index.php(13): CWebApplication->run()
REQUEST_URI=/SISangkuriang/index.php/siswa/create
in C:\xampp\htdocs\SISangkuriang\protected\views\siswa\_form.php (70)
in C:\xampp\htdocs\SISangkuriang\protected\views\siswa\create.php (18)
in C:\xampp\htdocs\SISangkuriang\protected\controllers\SiswaController.php (79)
2013/06/30 08:04:03 [error] [exception.CHttpException.404] exception 'CHttpException' with message 'The system is unable to find the requested action "Kelas 2".' in C:\xampp\htdocs\Yii\framework\web\CController.php:484
Stack trace:
#0 C:\xampp\htdocs\Yii\framework\web\CController.php(271): CController->missingAction('Kelas 2')
#1 C:\xampp\htdocs\Yii\framework\web\CWebApplication.php(283): CController->run('Kelas 2')
#2 C:\xampp\htdocs\Yii\framework\web\CWebApplication.php(142): CWebApplication->runController('kelas/Kelas 2')
#3 C:\xampp\htdocs\Yii\framework\base\CApplication.php(162): CWebApplication->processRequest()
#4 C:\xampp\htdocs\SISangkuriang\index.php(13): CApplication->run()
#5 {main}
REQUEST_URI=/SISangkuriang/index.php/kelas/Kelas+2
HTTP_REFERER=http://localhost/SISangkuriang/index.php/kelas/create
---
2013/06/30 08:07:35 [error] [exception.CHttpException.404] exception 'CHttpException' with message 'The system is unable to find the requested action "Kelas 3".' in C:\xampp\htdocs\Yii\framework\web\CController.php:484
Stack trace:
#0 C:\xampp\htdocs\Yii\framework\web\CController.php(271): CController->missingAction('Kelas 3')
#1 C:\xampp\htdocs\Yii\framework\web\CWebApplication.php(283): CController->run('Kelas 3')
#2 C:\xampp\htdocs\Yii\framework\web\CWebApplication.php(142): CWebApplication->runController('kelas/Kelas 3')
#3 C:\xampp\htdocs\Yii\framework\base\CApplication.php(162): CWebApplication->processRequest()
#4 C:\xampp\htdocs\SISangkuriang\index.php(13): CApplication->run()
#5 {main}
REQUEST_URI=/SISangkuriang/index.php/kelas/Kelas+3
HTTP_REFERER=http://localhost/SISangkuriang/index.php/kelas/create
---
2013/06/30 08:07:40 [error] [exception.CHttpException.404] exception 'CHttpException' with message 'The system is unable to find the requested action "Kelas 3".' in C:\xampp\htdocs\Yii\framework\web\CController.php:484
Stack trace:
#0 C:\xampp\htdocs\Yii\framework\web\CController.php(271): CController->missingAction('Kelas 3')
#1 C:\xampp\htdocs\Yii\framework\web\CWebApplication.php(283): CController->run('Kelas 3')
#2 C:\xampp\htdocs\Yii\framework\web\CWebApplication.php(142): CWebApplication->runController('kelas/Kelas 3')
#3 C:\xampp\htdocs\Yii\framework\base\CApplication.php(162): CWebApplication->processRequest()
#4 C:\xampp\htdocs\SISangkuriang\index.php(13): CApplication->run()
#5 {main}
REQUEST_URI=/SISangkuriang/index.php/kelas/Kelas+3
HTTP_REFERER=http://localhost/SISangkuriang/index.php/kelas/create
---
2013/06/30 08:07:53 [error] [exception.CHttpException.404] exception 'CHttpException' with message 'The system is unable to find the requested action "Kelas 3".' in C:\xampp\htdocs\Yii\framework\web\CController.php:484
Stack trace:
#0 C:\xampp\htdocs\Yii\framework\web\CController.php(271): CController->missingAction('Kelas 3')
#1 C:\xampp\htdocs\Yii\framework\web\CWebApplication.php(283): CController->run('Kelas 3')
#2 C:\xampp\htdocs\Yii\framework\web\CWebApplication.php(142): CWebApplication->runController('kelas/Kelas 3')
#3 C:\xampp\htdocs\Yii\framework\base\CApplication.php(162): CWebApplication->processRequest()
#4 C:\xampp\htdocs\SISangkuriang\index.php(13): CApplication->run()
#5 {main}
REQUEST_URI=/SISangkuriang/index.php/kelas/Kelas+3
HTTP_REFERER=http://localhost/SISangkuriang/index.php/kelas/
---
2013/06/30 08:07:57 [error] [exception.CHttpException.404] exception 'CHttpException' with message 'The system is unable to find the requested action "Kelas 1".' in C:\xampp\htdocs\Yii\framework\web\CController.php:484
Stack trace:
#0 C:\xampp\htdocs\Yii\framework\web\CController.php(271): CController->missingAction('Kelas 1')
#1 C:\xampp\htdocs\Yii\framework\web\CWebApplication.php(283): CController->run('Kelas 1')
#2 C:\xampp\htdocs\Yii\framework\web\CWebApplication.php(142): CWebApplication->runController('kelas/Kelas 1')
#3 C:\xampp\htdocs\Yii\framework\base\CApplication.php(162): CWebApplication->processRequest()
#4 C:\xampp\htdocs\SISangkuriang\index.php(13): CApplication->run()
#5 {main}
REQUEST_URI=/SISangkuriang/index.php/kelas/Kelas+1
HTTP_REFERER=http://localhost/SISangkuriang/index.php/kelas/
---
2013/06/30 08:08:07 [error] [exception.CHttpException.404] exception 'CHttpException' with message 'The system is unable to find the requested action "Kelas 2".' in C:\xampp\htdocs\Yii\framework\web\CController.php:484
Stack trace:
#0 C:\xampp\htdocs\Yii\framework\web\CController.php(271): CController->missingAction('Kelas 2')
#1 C:\xampp\htdocs\Yii\framework\web\CWebApplication.php(283): CController->run('Kelas 2')
#2 C:\xampp\htdocs\Yii\framework\web\CWebApplication.php(142): CWebApplication->runController('kelas/Kelas 2')
#3 C:\xampp\htdocs\Yii\framework\base\CApplication.php(162): CWebApplication->processRequest()
#4 C:\xampp\htdocs\SISangkuriang\index.php(13): CApplication->run()
#5 {main}
REQUEST_URI=/SISangkuriang/index.php/kelas/Kelas+2
HTTP_REFERER=http://localhost/SISangkuriang/index.php/kelas/
---
2013/06/30 08:08:10 [error] [exception.CHttpException.404] exception 'CHttpException' with message 'The system is unable to find the requested action "Kelas 1".' in C:\xampp\htdocs\Yii\framework\web\CController.php:484
Stack trace:
#0 C:\xampp\htdocs\Yii\framework\web\CController.php(271): CController->missingAction('Kelas 1')
#1 C:\xampp\htdocs\Yii\framework\web\CWebApplication.php(283): CController->run('Kelas 1')
#2 C:\xampp\htdocs\Yii\framework\web\CWebApplication.php(142): CWebApplication->runController('kelas/Kelas 1')
#3 C:\xampp\htdocs\Yii\framework\base\CApplication.php(162): CWebApplication->processRequest()
#4 C:\xampp\htdocs\SISangkuriang\index.php(13): CApplication->run()
#5 {main}
REQUEST_URI=/SISangkuriang/index.php/kelas/Kelas+1
HTTP_REFERER=http://localhost/SISangkuriang/index.php/kelas/
---
2013/06/30 08:08:28 [error] [exception.CHttpException.404] exception 'CHttpException' with message 'The system is unable to find the requested action "Kelas 3".' in C:\xampp\htdocs\Yii\framework\web\CController.php:484
Stack trace:
#0 C:\xampp\htdocs\Yii\framework\web\CController.php(271): CController->missingAction('Kelas 3')
#1 C:\xampp\htdocs\Yii\framework\web\CWebApplication.php(283): CController->run('Kelas 3')
#2 C:\xampp\htdocs\Yii\framework\web\CWebApplication.php(142): CWebApplication->runController('kelas/Kelas 3')
#3 C:\xampp\htdocs\Yii\framework\base\CApplication.php(162): CWebApplication->processRequest()
#4 C:\xampp\htdocs\SISangkuriang\index.php(13): CApplication->run()
#5 {main}
REQUEST_URI=/SISangkuriang/index.php/kelas/Kelas+3
HTTP_REFERER=http://localhost/SISangkuriang/index.php/kelas/
---
2013/06/30 08:21:36 [error] [exception.CHttpException.404] exception 'CHttpException' with message 'The system is unable to find the requested action "Kelas4".' in C:\xampp\htdocs\Yii\framework\web\CController.php:484
Stack trace:
#0 C:\xampp\htdocs\Yii\framework\web\CController.php(271): CController->missingAction('Kelas4')
#1 C:\xampp\htdocs\Yii\framework\web\CWebApplication.php(283): CController->run('Kelas4')
#2 C:\xampp\htdocs\Yii\framework\web\CWebApplication.php(142): CWebApplication->runController('kelas/Kelas4')
#3 C:\xampp\htdocs\Yii\framework\base\CApplication.php(162): CWebApplication->processRequest()
#4 C:\xampp\htdocs\SISangkuriang\index.php(13): CApplication->run()
#5 {main}
REQUEST_URI=/SISangkuriang/index.php/kelas/Kelas4
HTTP_REFERER=http://localhost/SISangkuriang/index.php/kelas/create
---
2013/06/30 08:21:49 [error] [exception.CHttpException.404] exception 'CHttpException' with message 'The system is unable to find the requested action "Kelas4".' in C:\xampp\htdocs\Yii\framework\web\CController.php:484
Stack trace:
#0 C:\xampp\htdocs\Yii\framework\web\CController.php(271): CController->missingAction('Kelas4')
#1 C:\xampp\htdocs\Yii\framework\web\CWebApplication.php(283): CController->run('Kelas4')
#2 C:\xampp\htdocs\Yii\framework\web\CWebApplication.php(142): CWebApplication->runController('kelas/Kelas4')
#3 C:\xampp\htdocs\Yii\framework\base\CApplication.php(162): CWebApplication->processRequest()
#4 C:\xampp\htdocs\SISangkuriang\index.php(13): CApplication->run()
#5 {main}
REQUEST_URI=/SISangkuriang/index.php/kelas/Kelas4
HTTP_REFERER=http://localhost/SISangkuriang/index.php/kelas
---
2013/06/30 08:22:04 [error] [exception.CHttpException.404] exception 'CHttpException' with message 'The system is unable to find the requested action "Kelas4".' in C:\xampp\htdocs\Yii\framework\web\CController.php:484
Stack trace:
#0 C:\xampp\htdocs\Yii\framework\web\CController.php(271): CController->missingAction('Kelas4')
#1 C:\xampp\htdocs\Yii\framework\web\CWebApplication.php(283): CController->run('Kelas4')
#2 C:\xampp\htdocs\Yii\framework\web\CWebApplication.php(142): CWebApplication->runController('kelas/Kelas4')
#3 C:\xampp\htdocs\Yii\framework\base\CApplication.php(162): CWebApplication->processRequest()
#4 C:\xampp\htdocs\SISangkuriang\index.php(13): CApplication->run()
#5 {main}
REQUEST_URI=/SISangkuriang/index.php/kelas/Kelas4
HTTP_REFERER=http://localhost/SISangkuriang/index.php/kelas
---
2013/06/30 08:23:02 [error] [exception.CHttpException.400] exception 'CHttpException' with message 'Your request is invalid.' in C:\xampp\htdocs\Yii\framework\web\CController.php:337
Stack trace:
#0 C:\xampp\htdocs\Yii\framework\web\CController.php(310): CController->invalidActionParams(Object(CInlineAction))
#1 C:\xampp\htdocs\Yii\framework\web\filters\CFilterChain.php(134): CController->runAction(Object(CInlineAction))
#2 C:\xampp\htdocs\Yii\framework\web\CController.php(1117): CFilterChain->run()
#3 C:\xampp\htdocs\Yii\framework\web\filters\CInlineFilter.php(59): CController->filterPostOnly(Object(CFilterChain))
#4 C:\xampp\htdocs\Yii\framework\web\filters\CFilterChain.php(131): CInlineFilter->filter(Object(CFilterChain))
#5 C:\xampp\htdocs\Yii\framework\web\filters\CFilter.php(41): CFilterChain->run()
#6 C:\xampp\htdocs\Yii\framework\web\CController.php(1146): CFilter->filter(Object(CFilterChain))
#7 C:\xampp\htdocs\Yii\framework\web\filters\CInlineFilter.php(59): CController->filterAccessControl(Object(CFilterChain))
#8 C:\xampp\htdocs\Yii\framework\web\filters\CFilterChain.php(131): CInlineFilter->filter(Object(CFilterChain))
#9 C:\xampp\htdocs\Yii\framework\web\CController.php(292): CFilterChain->run()
#10 C:\xampp\htdocs\Yii\framework\web\CController.php(266): CController->runActionWithFilters(Object(CInlineAction), Array)
#11 C:\xampp\htdocs\Yii\framework\web\CWebApplication.php(283): CController->run('delete')
#12 C:\xampp\htdocs\Yii\framework\web\CWebApplication.php(142): CWebApplication->runController('kelas/delete/Ke...')
#13 C:\xampp\htdocs\Yii\framework\base\CApplication.php(162): CWebApplication->processRequest()
#14 C:\xampp\htdocs\SISangkuriang\index.php(13): CApplication->run()
#15 {main}
REQUEST_URI=/SISangkuriang/index.php/kelas/delete/Kelas4?ajax=kelas-grid
HTTP_REFERER=http://localhost/SISangkuriang/index.php/kelas/admin
---
2013/06/30 08:23:10 [error] [exception.CHttpException.400] exception 'CHttpException' with message 'Your request is invalid.' in C:\xampp\htdocs\Yii\framework\web\CController.php:337
Stack trace:
#0 C:\xampp\htdocs\Yii\framework\web\CController.php(310): CController->invalidActionParams(Object(CInlineAction))
#1 C:\xampp\htdocs\Yii\framework\web\filters\CFilterChain.php(134): CController->runAction(Object(CInlineAction))
#2 C:\xampp\htdocs\Yii\framework\web\CController.php(1117): CFilterChain->run()
#3 C:\xampp\htdocs\Yii\framework\web\filters\CInlineFilter.php(59): CController->filterPostOnly(Object(CFilterChain))
#4 C:\xampp\htdocs\Yii\framework\web\filters\CFilterChain.php(131): CInlineFilter->filter(Object(CFilterChain))
#5 C:\xampp\htdocs\Yii\framework\web\filters\CFilter.php(41): CFilterChain->run()
#6 C:\xampp\htdocs\Yii\framework\web\CController.php(1146): CFilter->filter(Object(CFilterChain))
#7 C:\xampp\htdocs\Yii\framework\web\filters\CInlineFilter.php(59): CController->filterAccessControl(Object(CFilterChain))
#8 C:\xampp\htdocs\Yii\framework\web\filters\CFilterChain.php(131): CInlineFilter->filter(Object(CFilterChain))
#9 C:\xampp\htdocs\Yii\framework\web\CController.php(292): CFilterChain->run()
#10 C:\xampp\htdocs\Yii\framework\web\CController.php(266): CController->runActionWithFilters(Object(CInlineAction), Array)
#11 C:\xampp\htdocs\Yii\framework\web\CWebApplication.php(283): CController->run('delete')
#12 C:\xampp\htdocs\Yii\framework\web\CWebApplication.php(142): CWebApplication->runController('kelas/delete/Ke...')
#13 C:\xampp\htdocs\Yii\framework\base\CApplication.php(162): CWebApplication->processRequest()
#14 C:\xampp\htdocs\SISangkuriang\index.php(13): CApplication->run()
#15 {main}
REQUEST_URI=/SISangkuriang/index.php/kelas/delete/Kelas+3?ajax=kelas-grid
HTTP_REFERER=http://localhost/SISangkuriang/index.php/kelas/admin
---
2013/06/30 08:23:59 [error] [exception.CHttpException.404] exception 'CHttpException' with message 'The system is unable to find the requested action "Kelas1".' in C:\xampp\htdocs\Yii\framework\web\CController.php:484
Stack trace:
#0 C:\xampp\htdocs\Yii\framework\web\CController.php(271): CController->missingAction('Kelas1')
#1 C:\xampp\htdocs\Yii\framework\web\CWebApplication.php(283): CController->run('Kelas1')
#2 C:\xampp\htdocs\Yii\framework\web\CWebApplication.php(142): CWebApplication->runController('kelas/Kelas1')
#3 C:\xampp\htdocs\Yii\framework\base\CApplication.php(162): CWebApplication->processRequest()
#4 C:\xampp\htdocs\SISangkuriang\index.php(13): CApplication->run()
#5 {main}
REQUEST_URI=/SISangkuriang/index.php/kelas/Kelas1
HTTP_REFERER=http://localhost/SISangkuriang/index.php/kelas/create
---
2013/06/30 08:25:03 [error] [exception.CHttpException.404] exception 'CHttpException' with message 'The system is unable to find the requested action "Kelas3".' in C:\xampp\htdocs\Yii\framework\web\CController.php:484
Stack trace:
#0 C:\xampp\htdocs\Yii\framework\web\CController.php(271): CController->missingAction('Kelas3')
#1 C:\xampp\htdocs\Yii\framework\web\CWebApplication.php(283): CController->run('Kelas3')
#2 C:\xampp\htdocs\Yii\framework\web\CWebApplication.php(142): CWebApplication->runController('kelas/Kelas3')
#3 C:\xampp\htdocs\Yii\framework\base\CApplication.php(162): CWebApplication->processRequest()
#4 C:\xampp\htdocs\SISangkuriang\index.php(13): CApplication->run()
#5 {main}
REQUEST_URI=/SISangkuriang/index.php/kelas/Kelas3
HTTP_REFERER=http://localhost/SISangkuriang/index.php/kelas/create
---
2013/06/30 08:25:21 [error] [exception.CHttpException.404] exception 'CHttpException' with message 'The system is unable to find the requested action "Kelas2".' in C:\xampp\htdocs\Yii\framework\web\CController.php:484
Stack trace:
#0 C:\xampp\htdocs\Yii\framework\web\CController.php(271): CController->missingAction('Kelas2')
#1 C:\xampp\htdocs\Yii\framework\web\CWebApplication.php(283): CController->run('Kelas2')
#2 C:\xampp\htdocs\Yii\framework\web\CWebApplication.php(142): CWebApplication->runController('kelas/Kelas2')
#3 C:\xampp\htdocs\Yii\framework\base\CApplication.php(162): CWebApplication->processRequest()
#4 C:\xampp\htdocs\SISangkuriang\index.php(13): CApplication->run()
#5 {main}
REQUEST_URI=/SISangkuriang/index.php/kelas/Kelas2
HTTP_REFERER=http://localhost/SISangkuriang/index.php/kelas/create
---
2013/06/30 08:25:48 [error] [system.db.CDbCommand] CDbCommand::execute() failed: SQLSTATE[23000]: Integrity constraint violation: 1062 Duplicate entry 'Kelas2' for key 'PRIMARY'. The SQL statement executed was: INSERT INTO `tbl_kelas` (`id_kelas`, `nama_kelas`) VALUES (:yp0, :yp1).
in C:\xampp\htdocs\SISangkuriang\protected\controllers\KelasController.php (76)
in C:\xampp\htdocs\SISangkuriang\index.php (13)
2013/06/30 08:25:48 [error] [exception.CDbException] exception 'CDbException' with message 'CDbCommand failed to execute the SQL statement: SQLSTATE[23000]: Integrity constraint violation: 1062 Duplicate entry 'Kelas2' for key 'PRIMARY'. The SQL statement executed was: INSERT INTO `tbl_kelas` (`id_kelas`, `nama_kelas`) VALUES (:yp0, :yp1)' in C:\xampp\htdocs\Yii\framework\db\CDbCommand.php:354
Stack trace:
#0 C:\xampp\htdocs\Yii\framework\db\ar\CActiveRecord.php(1017): CDbCommand->execute()
#1 C:\xampp\htdocs\Yii\framework\db\ar\CActiveRecord.php(796): CActiveRecord->insert(NULL)
#2 C:\xampp\htdocs\SISangkuriang\protected\controllers\KelasController.php(76): CActiveRecord->save()
#3 C:\xampp\htdocs\Yii\framework\web\actions\CInlineAction.php(50): KelasController->actionCreate()
#4 C:\xampp\htdocs\Yii\framework\web\CController.php(309): CInlineAction->runWithParams(Array)
#5 C:\xampp\htdocs\Yii\framework\web\filters\CFilterChain.php(134): CController->runAction(Object(CInlineAction))
#6 C:\xampp\htdocs\Yii\framework\web\filters\CFilter.php(41): CFilterChain->run()
#7 C:\xampp\htdocs\Yii\framework\web\CController.php(1146): CFilter->filter(Object(CFilterChain))
#8 C:\xampp\htdocs\Yii\framework\web\filters\CInlineFilter.php(59): CController->filterAccessControl(Object(CFilterChain))
#9 C:\xampp\htdocs\Yii\framework\web\filters\CFilterChain.php(131): CInlineFilter->filter(Object(CFilterChain))
#10 C:\xampp\htdocs\Yii\framework\web\CController.php(292): CFilterChain->run()
#11 C:\xampp\htdocs\Yii\framework\web\CController.php(266): CController->runActionWithFilters(Object(CInlineAction), Array)
#12 C:\xampp\htdocs\Yii\framework\web\CWebApplication.php(283): CController->run('create')
#13 C:\xampp\htdocs\Yii\framework\web\CWebApplication.php(142): CWebApplication->runController('kelas/create')
#14 C:\xampp\htdocs\Yii\framework\base\CApplication.php(162): CWebApplication->processRequest()
#15 C:\xampp\htdocs\SISangkuriang\index.php(13): CApplication->run()
#16 {main}
REQUEST_URI=/SISangkuriang/index.php/kelas/create
HTTP_REFERER=http://localhost/SISangkuriang/index.php/kelas/create
---
2013/06/30 08:25:55 [error] [system.db.CDbCommand] CDbCommand::execute() failed: SQLSTATE[23000]: Integrity constraint violation: 1062 Duplicate entry 'Kelas1' for key 'PRIMARY'. The SQL statement executed was: INSERT INTO `tbl_kelas` (`id_kelas`, `nama_kelas`) VALUES (:yp0, :yp1).
in C:\xampp\htdocs\SISangkuriang\protected\controllers\KelasController.php (76)
in C:\xampp\htdocs\SISangkuriang\index.php (13)
2013/06/30 08:25:55 [error] [exception.CDbException] exception 'CDbException' with message 'CDbCommand failed to execute the SQL statement: SQLSTATE[23000]: Integrity constraint violation: 1062 Duplicate entry 'Kelas1' for key 'PRIMARY'. The SQL statement executed was: INSERT INTO `tbl_kelas` (`id_kelas`, `nama_kelas`) VALUES (:yp0, :yp1)' in C:\xampp\htdocs\Yii\framework\db\CDbCommand.php:354
Stack trace:
#0 C:\xampp\htdocs\Yii\framework\db\ar\CActiveRecord.php(1017): CDbCommand->execute()
#1 C:\xampp\htdocs\Yii\framework\db\ar\CActiveRecord.php(796): CActiveRecord->insert(NULL)
#2 C:\xampp\htdocs\SISangkuriang\protected\controllers\KelasController.php(76): CActiveRecord->save()
#3 C:\xampp\htdocs\Yii\framework\web\actions\CInlineAction.php(50): KelasController->actionCreate()
#4 C:\xampp\htdocs\Yii\framework\web\CController.php(309): CInlineAction->runWithParams(Array)
#5 C:\xampp\htdocs\Yii\framework\web\filters\CFilterChain.php(134): CController->runAction(Object(CInlineAction))
#6 C:\xampp\htdocs\Yii\framework\web\filters\CFilter.php(41): CFilterChain->run()
#7 C:\xampp\htdocs\Yii\framework\web\CController.php(1146): CFilter->filter(Object(CFilterChain))
#8 C:\xampp\htdocs\Yii\framework\web\filters\CInlineFilter.php(59): CController->filterAccessControl(Object(CFilterChain))
#9 C:\xampp\htdocs\Yii\framework\web\filters\CFilterChain.php(131): CInlineFilter->filter(Object(CFilterChain))
#10 C:\xampp\htdocs\Yii\framework\web\CController.php(292): CFilterChain->run()
#11 C:\xampp\htdocs\Yii\framework\web\CController.php(266): CController->runActionWithFilters(Object(CInlineAction), Array)
#12 C:\xampp\htdocs\Yii\framework\web\CWebApplication.php(283): CController->run('create')
#13 C:\xampp\htdocs\Yii\framework\web\CWebApplication.php(142): CWebApplication->runController('kelas/create')
#14 C:\xampp\htdocs\Yii\framework\base\CApplication.php(162): CWebApplication->processRequest()
#15 C:\xampp\htdocs\SISangkuriang\index.php(13): CApplication->run()
#16 {main}
REQUEST_URI=/SISangkuriang/index.php/kelas/create
HTTP_REFERER=http://localhost/SISangkuriang/index.php/kelas/create
---
2013/06/30 08:25:59 [error] [exception.CHttpException.404] exception 'CHttpException' with message 'The system is unable to find the requested action "Kelas4".' in C:\xampp\htdocs\Yii\framework\web\CController.php:484
Stack trace:
#0 C:\xampp\htdocs\Yii\framework\web\CController.php(271): CController->missingAction('Kelas4')
#1 C:\xampp\htdocs\Yii\framework\web\CWebApplication.php(283): CController->run('Kelas4')
#2 C:\xampp\htdocs\Yii\framework\web\CWebApplication.php(142): CWebApplication->runController('kelas/Kelas4')
#3 C:\xampp\htdocs\Yii\framework\base\CApplication.php(162): CWebApplication->processRequest()
#4 C:\xampp\htdocs\SISangkuriang\index.php(13): CApplication->run()
#5 {main}
REQUEST_URI=/SISangkuriang/index.php/kelas/Kelas4
HTTP_REFERER=http://localhost/SISangkuriang/index.php/kelas/create
---
2013/06/30 08:26:10 [error] [exception.CHttpException.404] exception 'CHttpException' with message 'Unable to resolve the request "id/Kelas4".' in C:\xampp\htdocs\Yii\framework\web\CWebApplication.php:287
Stack trace:
#0 C:\xampp\htdocs\Yii\framework\web\CWebApplication.php(142): CWebApplication->runController('id/Kelas4')
#1 C:\xampp\htdocs\Yii\framework\base\CApplication.php(162): CWebApplication->processRequest()
#2 C:\xampp\htdocs\SISangkuriang\index.php(13): CApplication->run()
#3 {main}
REQUEST_URI=/SISangkuriang/index.php/id/Kelas4
---
2013/06/30 08:26:12 [error] [exception.CHttpException.404] exception 'CHttpException' with message 'The system is unable to find the requested action "Kelas4".' in C:\xampp\htdocs\Yii\framework\web\CController.php:484
Stack trace:
#0 C:\xampp\htdocs\Yii\framework\web\CController.php(271): CController->missingAction('Kelas4')
#1 C:\xampp\htdocs\Yii\framework\web\CWebApplication.php(283): CController->run('Kelas4')
#2 C:\xampp\htdocs\Yii\framework\web\CWebApplication.php(142): CWebApplication->runController('kelas/Kelas4')
#3 C:\xampp\htdocs\Yii\framework\base\CApplication.php(162): CWebApplication->processRequest()
#4 C:\xampp\htdocs\SISangkuriang\index.php(13): CApplication->run()
#5 {main}
REQUEST_URI=/SISangkuriang/index.php/kelas/Kelas4
HTTP_REFERER=http://localhost/SISangkuriang/index.php/kelas/create
---
2013/06/30 08:28:05 [error] [exception.CHttpException.404] exception 'CHttpException' with message 'The system is unable to find the requested action "Kelas4".' in C:\xampp\htdocs\Yii\framework\web\CController.php:484
Stack trace:
#0 C:\xampp\htdocs\Yii\framework\web\CController.php(271): CController->missingAction('Kelas4')
#1 C:\xampp\htdocs\Yii\framework\web\CWebApplication.php(283): CController->run('Kelas4')
#2 C:\xampp\htdocs\Yii\framework\web\CWebApplication.php(142): CWebApplication->runController('kelas/Kelas4')
#3 C:\xampp\htdocs\Yii\framework\base\CApplication.php(162): CWebApplication->processRequest()
#4 C:\xampp\htdocs\SISangkuriang\index.php(13): CApplication->run()
#5 {main}
REQUEST_URI=/SISangkuriang/index.php/kelas/Kelas4
---
2013/06/30 08:29:12 [error] [exception.CHttpException.404] exception 'CHttpException' with message 'The system is unable to find the requested action "K5".' in C:\xampp\htdocs\Yii\framework\web\CController.php:484
Stack trace:
#0 C:\xampp\htdocs\Yii\framework\web\CController.php(271): CController->missingAction('K5')
#1 C:\xampp\htdocs\Yii\framework\web\CWebApplication.php(283): CController->run('K5')
#2 C:\xampp\htdocs\Yii\framework\web\CWebApplication.php(142): CWebApplication->runController('kelas/K5')
#3 C:\xampp\htdocs\Yii\framework\base\CApplication.php(162): CWebApplication->processRequest()
#4 C:\xampp\htdocs\SISangkuriang\index.php(13): CApplication->run()
#5 {main}
REQUEST_URI=/SISangkuriang/index.php/kelas/K5
HTTP_REFERER=http://localhost/SISangkuriang/index.php/kelas/create
---
2013/06/30 08:47:22 [error] [exception.CException] exception 'CException' with message 'CActiveForm and its behaviors do not have a method or closure named "d".' in C:\xampp\htdocs\Yii\framework\base\CComponent.php:266
Stack trace:
#0 [internal function]: CComponent->__call('d', Array)
#1 C:\xampp\htdocs\SISangkuriang\protected\views\daftarKelas\_form.php(20): CActiveForm->d(Object(DaftarKelas), 'id_daftar_kelas', Array)
#2 C:\xampp\htdocs\Yii\framework\web\CBaseController.php(127): require('C:\xampp\htdocs...')
#3 C:\xampp\htdocs\Yii\framework\web\CBaseController.php(96): CBaseController->renderInternal('C:\xampp\htdocs...', Array, true)
#4 C:\xampp\htdocs\Yii\framework\web\CController.php(870): CBaseController->renderFile('C:\xampp\htdocs...', Array, true)
#5 C:\xampp\htdocs\SISangkuriang\protected\views\daftarKelas\create.php(18): CController->renderPartial('_form', Array)
#6 C:\xampp\htdocs\Yii\framework\web\CBaseController.php(127): require('C:\xampp\htdocs...')
#7 C:\xampp\htdocs\Yii\framework\web\CBaseController.php(96): CBaseController->renderInternal('C:\xampp\htdocs...', Array, true)
#8 C:\xampp\htdocs\Yii\framework\web\CController.php(870): CBaseController->renderFile('C:\xampp\htdocs...', Array, true)
#9 C:\xampp\htdocs\Yii\framework\web\CController.php(783): CController->renderPartial('create', Array, true)
#10 C:\xampp\htdocs\SISangkuriang\protected\controllers\DaftarKelasController.php(80): CController->render('create', Array)
#11 C:\xampp\htdocs\Yii\framework\web\actions\CInlineAction.php(50): DaftarKelasController->actionCreate()
#12 C:\xampp\htdocs\Yii\framework\web\CController.php(309): CInlineAction->runWithParams(Array)
#13 C:\xampp\htdocs\Yii\framework\web\filters\CFilterChain.php(134): CController->runAction(Object(CInlineAction))
#14 C:\xampp\htdocs\Yii\framework\web\filters\CFilter.php(41): CFilterChain->run()
#15 C:\xampp\htdocs\Yii\framework\web\CController.php(1146): CFilter->filter(Object(CFilterChain))
#16 C:\xampp\htdocs\Yii\framework\web\filters\CInlineFilter.php(59): CController->filterAccessControl(Object(CFilterChain))
#17 C:\xampp\htdocs\Yii\framework\web\filters\CFilterChain.php(131): CInlineFilter->filter(Object(CFilterChain))
#18 C:\xampp\htdocs\Yii\framework\web\CController.php(292): CFilterChain->run()
#19 C:\xampp\htdocs\Yii\framework\web\CController.php(266): CController->runActionWithFilters(Object(CInlineAction), Array)
#20 C:\xampp\htdocs\Yii\framework\web\CWebApplication.php(283): CController->run('create')
#21 C:\xampp\htdocs\Yii\framework\web\CWebApplication.php(142): CWebApplication->runController('daftarKelas/cre...')
#22 C:\xampp\htdocs\Yii\framework\base\CApplication.php(162): CWebApplication->processRequest()
#23 C:\xampp\htdocs\SISangkuriang\index.php(13): CApplication->run()
#24 {main}
REQUEST_URI=/SISangkuriang/index.php/daftarKelas/create
---
2013/06/30 08:48:11 [error] [exception.CException] exception 'CException' with message 'CActiveForm and its behaviors do not have a method or closure named "d".' in C:\xampp\htdocs\Yii\framework\base\CComponent.php:266
Stack trace:
#0 [internal function]: CComponent->__call('d', Array)
#1 C:\xampp\htdocs\SISangkuriang\protected\views\daftarKelas\_form.php(20): CActiveForm->d(Object(DaftarKelas), 'id_daftar_kelas', Array)
#2 C:\xampp\htdocs\Yii\framework\web\CBaseController.php(127): require('C:\xampp\htdocs...')
#3 C:\xampp\htdocs\Yii\framework\web\CBaseController.php(96): CBaseController->renderInternal('C:\xampp\htdocs...', Array, true)
#4 C:\xampp\htdocs\Yii\framework\web\CController.php(870): CBaseController->renderFile('C:\xampp\htdocs...', Array, true)
#5 C:\xampp\htdocs\SISangkuriang\protected\views\daftarKelas\create.php(18): CController->renderPartial('_form', Array)
#6 C:\xampp\htdocs\Yii\framework\web\CBaseController.php(127): require('C:\xampp\htdocs...')
#7 C:\xampp\htdocs\Yii\framework\web\CBaseController.php(96): CBaseController->renderInternal('C:\xampp\htdocs...', Array, true)
#8 C:\xampp\htdocs\Yii\framework\web\CController.php(870): CBaseController->renderFile('C:\xampp\htdocs...', Array, true)
#9 C:\xampp\htdocs\Yii\framework\web\CController.php(783): CController->renderPartial('create', Array, true)
#10 C:\xampp\htdocs\SISangkuriang\protected\controllers\DaftarKelasController.php(80): CController->render('create', Array)
#11 C:\xampp\htdocs\Yii\framework\web\actions\CInlineAction.php(50): DaftarKelasController->actionCreate()
#12 C:\xampp\htdocs\Yii\framework\web\CController.php(309): CInlineAction->runWithParams(Array)
#13 C:\xampp\htdocs\Yii\framework\web\filters\CFilterChain.php(134): CController->runAction(Object(CInlineAction))
#14 C:\xampp\htdocs\Yii\framework\web\filters\CFilter.php(41): CFilterChain->run()
#15 C:\xampp\htdocs\Yii\framework\web\CController.php(1146): CFilter->filter(Object(CFilterChain))
#16 C:\xampp\htdocs\Yii\framework\web\filters\CInlineFilter.php(59): CController->filterAccessControl(Object(CFilterChain))
#17 C:\xampp\htdocs\Yii\framework\web\filters\CFilterChain.php(131): CInlineFilter->filter(Object(CFilterChain))
#18 C:\xampp\htdocs\Yii\framework\web\CController.php(292): CFilterChain->run()
#19 C:\xampp\htdocs\Yii\framework\web\CController.php(266): CController->runActionWithFilters(Object(CInlineAction), Array)
#20 C:\xampp\htdocs\Yii\framework\web\CWebApplication.php(283): CController->run('create')
#21 C:\xampp\htdocs\Yii\framework\web\CWebApplication.php(142): CWebApplication->runController('daftarKelas/cre...')
#22 C:\xampp\htdocs\Yii\framework\base\CApplication.php(162): CWebApplication->processRequest()
#23 C:\xampp\htdocs\SISangkuriang\index.php(13): CApplication->run()
#24 {main}
REQUEST_URI=/SISangkuriang/index.php/daftarKelas/create
---
2013/06/30 08:53:54 [error] [exception.CHttpException.404] exception 'CHttpException' with message 'The system is unable to find the requested action "2-2010-2011-10110139".' in C:\xampp\htdocs\Yii\framework\web\CController.php:484
Stack trace:
#0 C:\xampp\htdocs\Yii\framework\web\CController.php(271): CController->missingAction('2-2010-2011-101...')
#1 C:\xampp\htdocs\Yii\framework\web\CWebApplication.php(283): CController->run('2-2010-2011-101...')
#2 C:\xampp\htdocs\Yii\framework\web\CWebApplication.php(142): CWebApplication->runController('daftarKelas/2-2...')
#3 C:\xampp\htdocs\Yii\framework\base\CApplication.php(162): CWebApplication->processRequest()
#4 C:\xampp\htdocs\SISangkuriang\index.php(13): CApplication->run()
#5 {main}
REQUEST_URI=/SISangkuriang/index.php/daftarKelas/2-2010-2011-10110139
HTTP_REFERER=http://localhost/SISangkuriang/index.php/daftarKelas/create
---
2013/06/30 08:55:25 [error] [exception.CHttpException.404] exception 'CHttpException' with message 'The system is unable to find the requested action "22010id_kelas201110110139".' in C:\xampp\htdocs\Yii\framework\web\CController.php:484
Stack trace:
#0 C:\xampp\htdocs\Yii\framework\web\CController.php(271): CController->missingAction('22010id_kelas20...')
#1 C:\xampp\htdocs\Yii\framework\web\CWebApplication.php(283): CController->run('22010id_kelas20...')
#2 C:\xampp\htdocs\Yii\framework\web\CWebApplication.php(142): CWebApplication->runController('daftarKelas/220...')
#3 C:\xampp\htdocs\Yii\framework\base\CApplication.php(162): CWebApplication->processRequest()
#4 C:\xampp\htdocs\SISangkuriang\index.php(13): CApplication->run()
#5 {main}
REQUEST_URI=/SISangkuriang/index.php/daftarKelas/22010id_kelas201110110139
HTTP_REFERER=http://localhost/SISangkuriang/index.php/daftarKelas/create
---
2013/06/30 08:55:39 [error] [exception.CHttpException.404] exception 'CHttpException' with message 'The system is unable to find the requested action "22010id_kelas201110110139".' in C:\xampp\htdocs\Yii\framework\web\CController.php:484
Stack trace:
#0 C:\xampp\htdocs\Yii\framework\web\CController.php(271): CController->missingAction('22010id_kelas20...')
#1 C:\xampp\htdocs\Yii\framework\web\CWebApplication.php(283): CController->run('22010id_kelas20...')
#2 C:\xampp\htdocs\Yii\framework\web\CWebApplication.php(142): CWebApplication->runController('daftarKelas/220...')
#3 C:\xampp\htdocs\Yii\framework\base\CApplication.php(162): CWebApplication->processRequest()
#4 C:\xampp\htdocs\SISangkuriang\index.php(13): CApplication->run()
#5 {main}
REQUEST_URI=/SISangkuriang/index.php/daftarKelas/22010id_kelas201110110139
HTTP_REFERER=http://localhost/SISangkuriang/index.php/daftarKelas/create
---
2013/06/30 12:22:55 [error] [exception.CHttpException.404] exception 'CHttpException' with message 'The system is unable to find the requested action "Kelas1".' in C:\xampp\htdocs\Yii\framework\web\CController.php:484
Stack trace:
#0 C:\xampp\htdocs\Yii\framework\web\CController.php(271): CController->missingAction('Kelas1')
#1 C:\xampp\htdocs\Yii\framework\web\CWebApplication.php(283): CController->run('Kelas1')
#2 C:\xampp\htdocs\Yii\framework\web\CWebApplication.php(142): CWebApplication->runController('kelas/Kelas1')
#3 C:\xampp\htdocs\Yii\framework\base\CApplication.php(162): CWebApplication->processRequest()
#4 C:\xampp\htdocs\SISangkuriang\index.php(13): CApplication->run()
#5 {main}
REQUEST_URI=/SISangkuriang/index.php/kelas/Kelas1
HTTP_REFERER=http://localhost/SISangkuriang/index.php/kelas
---
2013/07/20 09:03:36 [error] [exception.CHttpException.404] exception 'CHttpException' with message 'Unable to resolve the request "absen".' in C:\xampp\htdocs\yii\framework\web\CWebApplication.php:286
Stack trace:
#0 C:\xampp\htdocs\yii\framework\web\CWebApplication.php(141): CWebApplication->runController('absen')
#1 C:\xampp\htdocs\yii\framework\base\CApplication.php(169): CWebApplication->processRequest()
#2 C:\xampp\htdocs\sangkuriang\index.php(13): CApplication->run()
#3 {main}
REQUEST_URI=/sangkuriang/index.php/absen
---
2013/07/20 09:04:15 [error] [exception.CHttpException.404] exception 'CHttpException' with message 'The system is unable to find the requested action "absensi".' in C:\xampp\htdocs\yii\framework\web\CController.php:483
Stack trace:
#0 C:\xampp\htdocs\yii\framework\web\CController.php(270): CController->missingAction('absensi')
#1 C:\xampp\htdocs\yii\framework\web\CWebApplication.php(282): CController->run('absensi')
#2 C:\xampp\htdocs\yii\framework\web\CWebApplication.php(141): CWebApplication->runController('site/absensi')
#3 C:\xampp\htdocs\yii\framework\base\CApplication.php(169): CWebApplication->processRequest()
#4 C:\xampp\htdocs\sangkuriang\index.php(13): CApplication->run()
#5 {main}
REQUEST_URI=/sangkuriang/index.php/site/absensi/
---
